<?xml version="1.0" encoding="UTF-8"?>
<!-- Generated by org.testng.reporters.JUnitReportReporter -->
<testsuite hostname="LAPTOP-9U21ALI1" failures="0" tests="3" name="Runner_Files.Landing_welcome_positive_scenarios_runner" time="28.614" errors="0" timestamp="2021-04-26T11:19:40 IST" skipped="0">
  <testcase classname="Runner_Files.Landing_welcome_positive_scenarios_runner" name="runScenario" time="4.239"/>
  <system-out/>
  <testcase classname="Runner_Files.Landing_welcome_positive_scenarios_runner" name="runScenario" time="4.720"/>
  <system-out/>
  <testcase classname="Runner_Files.Landing_welcome_positive_scenarios_runner" name="runScenario" time="19.655"/>
  <system-out/>
</testsuite> <!-- Runner_Files.Landing_welcome_positive_scenarios_runner -->
