<?xml version="1.0" encoding="UTF-8"?>
<!-- Generated by org.testng.reporters.JUnitReportReporter -->
<testsuite hostname="DESKTOP-NTJVOKJ" failures="0" tests="5" name="Runner_Files.Home_Runner" time="59.717" errors="0" timestamp="2021-05-06T10:25:00 IST" skipped="0">
  <testcase classname="Runner_Files.Home_Runner" name="runScenario" time="6.347"/>
  <system-out/>
  <testcase classname="Runner_Files.Home_Runner" name="runScenario" time="27.883"/>
  <system-out/>
  <testcase classname="Runner_Files.Home_Runner" name="runScenario" time="18.773"/>
  <system-out/>
  <testcase classname="Runner_Files.Home_Runner" name="runScenario" time="1.011"/>
  <system-out/>
  <testcase classname="Runner_Files.Home_Runner" name="runScenario" time="5.703"/>
  <system-out/>
</testsuite> <!-- Runner_Files.Home_Runner -->
